<?xml version="1.0" encoding="UTF-8"?>
<robot generator="Robot 4.1.3 (Python 3.10.2 on win32)" generated="20220724 00:35:02.801" rpa="false" schemaversion="2">
<suite id="s1" name="Calculator Automate" source="D:\L&amp;T_Tech\Python_Program\AndroidProject\Mobile_Appium_Suite\Calculator_Automate.robot">
<test id="s1-t1" name="TC:Calculator_Automation">
<kw name="Launch Calculator App" library="Common_Functionality" type="SETUP">
<doc>This Keyword will Launch the Calculator App in your Android Devices</doc>
<kw name="Open Application" library="AppiumLibrary">
<arg>http://localhost:4723/wd/hub</arg>
<arg>platformName=Android</arg>
<arg>deviceName=${device_Name}</arg>
<arg>appPackage=com.coloros.calculator</arg>
<arg>appActivity=com.android.calculator2.Calculator</arg>
<arg>noReset=${True}</arg>
<doc>Opens a new application to given Appium server.
Capabilities of appium server, Android and iOS,
Please check https://github.com/appium/appium/blob/master/docs/en/writing-running-appium/server-args.md
| *Option*            | *Man.* | *Description*     |
| remote_url          | Yes    | Appium server url |
| alias               | no     | alias             |</doc>
<status status="PASS" starttime="20220724 00:35:03.276" endtime="20220724 00:35:14.506"/>
</kw>
<kw name="Set Screenshot Directory" library="SeleniumLibrary">
<arg>${EXECDIR}${/}Screenshots</arg>
<doc>Sets the directory for captured screenshots.</doc>
<status status="PASS" starttime="20220724 00:35:14.506" endtime="20220724 00:35:14.506"/>
</kw>
<kw name="Set Selenium Implicit Wait" library="SeleniumLibrary">
<arg>30s</arg>
<doc>Sets the implicit wait value used by Selenium.</doc>
<status status="PASS" starttime="20220724 00:35:14.506" endtime="20220724 00:35:14.506"/>
</kw>
<status status="PASS" starttime="20220724 00:35:03.276" endtime="20220724 00:35:14.506"/>
</kw>
<kw name="Click Element" library="AppiumLibrary">
<arg>id=digit_7</arg>
<doc>Click element identified by `locator`.</doc>
<msg timestamp="20220724 00:35:14.521" level="INFO">Clicking element 'id=digit_7'.</msg>
<status status="PASS" starttime="20220724 00:35:14.506" endtime="20220724 00:35:17.489"/>
</kw>
<kw name="Click Element" library="AppiumLibrary">
<arg>id=digit_7</arg>
<doc>Click element identified by `locator`.</doc>
<msg timestamp="20220724 00:35:17.489" level="INFO">Clicking element 'id=digit_7'.</msg>
<status status="PASS" starttime="20220724 00:35:17.489" endtime="20220724 00:35:18.489"/>
</kw>
<kw name="Click Element" library="AppiumLibrary">
<arg>id=op_add</arg>
<doc>Click element identified by `locator`.</doc>
<msg timestamp="20220724 00:35:18.489" level="INFO">Clicking element 'id=op_add'.</msg>
<status status="PASS" starttime="20220724 00:35:18.489" endtime="20220724 00:35:20.676"/>
</kw>
<kw name="Click Element" library="AppiumLibrary">
<arg>id=digit_6</arg>
<doc>Click element identified by `locator`.</doc>
<msg timestamp="20220724 00:35:20.692" level="INFO">Clicking element 'id=digit_6'.</msg>
<status status="PASS" starttime="20220724 00:35:20.676" endtime="20220724 00:35:21.504"/>
</kw>
<kw name="Click Element" library="AppiumLibrary">
<arg>id=digit_6</arg>
<doc>Click element identified by `locator`.</doc>
<msg timestamp="20220724 00:35:21.504" level="INFO">Clicking element 'id=digit_6'.</msg>
<status status="PASS" starttime="20220724 00:35:21.504" endtime="20220724 00:35:22.488"/>
</kw>
<kw name="Sleep" library="BuiltIn">
<arg>1s</arg>
<doc>Pauses the test executed for the given time.</doc>
<msg timestamp="20220724 00:35:23.504" level="INFO">Slept 1 second</msg>
<status status="PASS" starttime="20220724 00:35:22.488" endtime="20220724 00:35:23.504"/>
</kw>
<kw name="Click Element" library="AppiumLibrary">
<arg>id=eq</arg>
<doc>Click element identified by `locator`.</doc>
<msg timestamp="20220724 00:35:23.504" level="INFO">Clicking element 'id=eq'.</msg>
<status status="PASS" starttime="20220724 00:35:23.504" endtime="20220724 00:35:24.644"/>
</kw>
<kw name="Sleep" library="BuiltIn">
<arg>0.5s</arg>
<doc>Pauses the test executed for the given time.</doc>
<msg timestamp="20220724 00:35:25.159" level="INFO">Slept 500 milliseconds</msg>
<status status="PASS" starttime="20220724 00:35:24.644" endtime="20220724 00:35:25.159"/>
</kw>
<kw name="Page Should Contain Text" library="AppiumLibrary">
<arg>143</arg>
<doc>Verifies that current page contains `text`.</doc>
<msg timestamp="20220724 00:35:26.081" level="INFO">Current page contains text '143'.</msg>
<status status="PASS" starttime="20220724 00:35:25.159" endtime="20220724 00:35:26.081"/>
</kw>
<kw name="Sleep" library="BuiltIn">
<arg>1s</arg>
<doc>Pauses the test executed for the given time.</doc>
<msg timestamp="20220724 00:35:27.112" level="INFO">Slept 1 second</msg>
<status status="PASS" starttime="20220724 00:35:26.097" endtime="20220724 00:35:27.112"/>
</kw>
<kw name="Set Screenshot Directory" library="SeleniumLibrary">
<arg>${EXECDIR}${/}Screenshots</arg>
<doc>Sets the directory for captured screenshots.</doc>
<status status="PASS" starttime="20220724 00:35:27.112" endtime="20220724 00:35:27.112"/>
</kw>
<kw name="Close Application" library="AppiumLibrary" type="TEARDOWN">
<doc>Closes the current application and also close webdriver session.</doc>
<status status="PASS" starttime="20220724 00:35:27.112" endtime="20220724 00:35:27.518"/>
</kw>
<status status="PASS" starttime="20220724 00:35:03.276" endtime="20220724 00:35:27.518"/>
</test>
<status status="PASS" starttime="20220724 00:35:02.811" endtime="20220724 00:35:27.518"/>
</suite>
<statistics>
<total>
<stat pass="1" fail="0" skip="0">All Tests</stat>
</total>
<tag>
</tag>
<suite>
<stat pass="1" fail="0" skip="0" id="s1" name="Calculator Automate">Calculator Automate</stat>
</suite>
</statistics>
<errors>
</errors>
</robot>
